# JRE version: Java(TM) SE Runtime Environment (9.0+11) (build 9.0.4+11)
# Java VM: Java HotSpot(TM) 64-Bit Server VM (9.0.4+11, mixed mode, tiered, compressed oops, g1 gc, windows-amd64)
Heap:
 garbage-first heap   total 313344K, used 132074K [0x0000000700000000, 0x0000000700100990, 0x00000007c0000000)
  region size 1024K, 31 young (31744K), 1 survivors (1024K)
 Metaspace       used 89298K, capacity 91139K, committed 98200K, reserved 1132544K
  class space    used 12361K, capacity 12763K, committed 14232K, reserved 1048576K
GC Heap History (10 events):
Event: 85342.360 GC heap before
{Heap before GC invocations=1404 (full 312):
 garbage-first heap   total 313344K, used 163075K [0x0000000700000000, 0x0000000700100990, 0x00000007c0000000)
  region size 1024K, 60 young (61440K), 0 survivors (0K)
 Metaspace       used 89286K, capacity 91139K, committed 98200K, reserved 1132544K
  class space    used 12361K, capacity 12763K, committed 14232K, reserved 1048576K
}
Event: 85342.363 GC heap after
{Heap after GC invocations=1405 (full 312):
 garbage-first heap   total 313344K, used 102019K [0x0000000700000000, 0x0000000700100990, 0x00000007c0000000)
  region size 1024K, 1 young (1024K), 1 survivors (1024K)
 Metaspace       used 89286K, capacity 91139K, committed 98200K, reserved 1132544K
  class space    used 12361K, capacity 12763K, committed 14232K, reserved 1048576K
}
Event: 85352.743 GC heap before
{Heap before GC invocations=1405 (full 312):
 garbage-first heap   total 313344K, used 162435K [0x0000000700000000, 0x0000000700100990, 0x00000007c0000000)
  region size 1024K, 60 young (61440K), 1 survivors (1024K)
 Metaspace       used 89286K, capacity 91139K, committed 98200K, reserved 1132544K
  class space    used 12361K, capacity 12763K, committed 14232K, reserved 1048576K
}
Event: 85352.746 GC heap after
{Heap after GC invocations=1406 (full 312):
 garbage-first heap   total 313344K, used 102051K [0x0000000700000000, 0x0000000700100990, 0x00000007c0000000)
  region size 1024K, 1 young (1024K), 1 survivors (1024K)
 Metaspace       used 89286K, capacity 91139K, committed 98200K, reserved 1132544K
  class space    used 12361K, capacity 12763K, committed 14232K, reserved 1048576K
}
Event: 85352.981 GC heap before
{Heap before GC invocations=1406 (full 312):
 garbage-first heap   total 313344K, used 162467K [0x0000000700000000, 0x0000000700100990, 0x00000007c0000000)
  region size 1024K, 60 young (61440K), 1 survivors (1024K)
 Metaspace       used 89287K, capacity 91139K, committed 98200K, reserved 1132544K
  class space    used 12361K, capacity 12763K, committed 14232K, reserved 1048576K
}
Event: 85352.985 GC heap after
{Heap after GC invocations=1407 (full 312):
 garbage-first heap   total 313344K, used 102153K [0x0000000700000000, 0x0000000700100990, 0x00000007c0000000)
  region size 1024K, 1 young (1024K), 1 survivors (1024K)
 Metaspace       used 89287K, capacity 91139K, committed 98200K, reserved 1132544K
  class space    used 12361K, capacity 12763K, committed 14232K, reserved 1048576K
}
Event: 85353.603 GC heap before
{Heap before GC invocations=1407 (full 312):
 garbage-first heap   total 313344K, used 162569K [0x0000000700000000, 0x0000000700100990, 0x00000007c0000000)
  region size 1024K, 60 young (61440K), 1 survivors (1024K)
 Metaspace       used 89289K, capacity 91139K, committed 98200K, reserved 1132544K
  class space    used 12361K, capacity 12763K, committed 14232K, reserved 1048576K
}
Event: 85353.607 GC heap after
{Heap after GC invocations=1408 (full 312):
 garbage-first heap   total 313344K, used 102284K [0x0000000700000000, 0x0000000700100990, 0x00000007c0000000)
  region size 1024K, 1 young (1024K), 1 survivors (1024K)
 Metaspace       used 89289K, capacity 91139K, committed 98200K, reserved 1132544K
  class space    used 12361K, capacity 12763K, committed 14232K, reserved 1048576K
}
Event: 85355.551 GC heap before
{Heap before GC invocations=1408 (full 312):
 garbage-first heap   total 313344K, used 162700K [0x0000000700000000, 0x0000000700100990, 0x00000007c0000000)
  region size 1024K, 60 young (61440K), 1 survivors (1024K)
 Metaspace       used 89298K, capacity 91139K, committed 98200K, reserved 1132544K
  class space    used 12361K, capacity 12763K, committed 14232K, reserved 1048576K
}
Event: 85355.556 GC heap after
{Heap after GC invocations=1409 (full 312):
 garbage-first heap   total 313344K, used 102378K [0x0000000700000000, 0x0000000700100990, 0x00000007c0000000)
  region size 1024K, 1 young (1024K), 1 survivors (1024K)
 Metaspace       used 89298K, capacity 91139K, committed 98200K, reserved 1132544K
  class space    used 12361K, capacity 12763K, committed 14232K, reserved 1048576K
}

